Thu Jun 15 2017 14:32:32 GMT+0200 (CEST): GET /
Thu Jun 15 2017 14:32:33 GMT+0200 (CEST): GET /favicon.ico
Thu Jun 15 2017 14:34:16 GMT+0200 (CEST): GET /
Thu Jun 15 2017 14:38:10 GMT+0200 (CEST): GET /
Thu Jun 15 2017 14:41:57 GMT+0200 (CEST): GET /
Thu Jun 15 2017 15:05:05 GMT+0200 (CEST): GET /
Thu Jun 15 2017 15:05:08 GMT+0200 (CEST): GET /
Thu Jun 15 2017 15:07:08 GMT+0200 (CEST): GET /
Thu Jun 15 2017 15:07:12 GMT+0200 (CEST): GET /
Thu Jun 15 2017 15:07:14 GMT+0200 (CEST): GET /projects
Thu Jun 15 2017 15:07:23 GMT+0200 (CEST): GET /projects.hbs
Thu Jun 15 2017 15:12:22 GMT+0200 (CEST): GET /projects.hbs
Thu Jun 15 2017 15:12:24 GMT+0200 (CEST): GET /
Thu Jun 15 2017 15:12:27 GMT+0200 (CEST): GET /index.html
Thu Jun 15 2017 15:18:19 GMT+0200 (CEST): GET /
Thu Jun 15 2017 15:18:27 GMT+0200 (CEST): GET /projects.hbs
Thu Jun 15 2017 15:18:29 GMT+0200 (CEST): GET /projects.hbs
Thu Jun 15 2017 15:18:30 GMT+0200 (CEST): GET /projects
Thu Jun 15 2017 15:18:35 GMT+0200 (CEST): GET /projects
Thu Jun 15 2017 15:19:22 GMT+0200 (CEST): GET /projects
Thu Jun 15 2017 15:20:09 GMT+0200 (CEST): GET /projects
Thu Jun 15 2017 15:20:10 GMT+0200 (CEST): GET /projects
Thu Jun 15 2017 15:20:18 GMT+0200 (CEST): GET /projects
Thu Jun 15 2017 15:20:22 GMT+0200 (CEST): GET /
Thu Jun 15 2017 15:20:54 GMT+0200 (CEST): GET /
Thu Jun 15 2017 15:20:59 GMT+0200 (CEST): GET /
Thu Jun 15 2017 15:21:07 GMT+0200 (CEST): GET /
Thu Jun 15 2017 15:21:09 GMT+0200 (CEST): GET /
Thu Jun 15 2017 15:22:58 GMT+0200 (CEST): GET /
Thu Jun 15 2017 15:22:59 GMT+0200 (CEST): GET /
Thu Jun 15 2017 15:23:09 GMT+0200 (CEST): GET /
Thu Jun 15 2017 15:23:16 GMT+0200 (CEST): GET /
Thu Jun 15 2017 15:25:05 GMT+0200 (CEST): GET /
Thu Jun 15 2017 15:25:09 GMT+0200 (CEST): GET /projects
Thu Jun 15 2017 15:25:12 GMT+0200 (CEST): GET /
Thu Jun 15 2017 15:25:16 GMT+0200 (CEST): GET /projects
